<?xml version="1.0" encoding="UTF-8"?>
<testsuite name="com.herron.exchange.quantlib.pricemodels.fixedincome.bonds.BondDiscountingPriceModelTest" tests="8" skipped="0" failures="0" errors="0" timestamp="2023-10-29T13:41:42" hostname="christopher-XPS-15-9570" time="0.094">
  <properties/>
  <testcase name="test_constant_yield_compounding_interest_with_accrued_interest()" classname="com.herron.exchange.quantlib.pricemodels.fixedincome.bonds.BondDiscountingPriceModelTest" time="0.034"/>
  <testcase name="test_constant_yield_compounding_interest__30360_pricing_4()" classname="com.herron.exchange.quantlib.pricemodels.fixedincome.bonds.BondDiscountingPriceModelTest" time="0.002"/>
  <testcase name="test_bond_price_with_curve()" classname="com.herron.exchange.quantlib.pricemodels.fixedincome.bonds.BondDiscountingPriceModelTest" time="0.035"/>
  <testcase name="test_constant_yield_compounding_interest_pricing()" classname="com.herron.exchange.quantlib.pricemodels.fixedincome.bonds.BondDiscountingPriceModelTest" time="0.002"/>
  <testcase name="test_zero_yield_compounding_interest_with_accrued_interest()" classname="com.herron.exchange.quantlib.pricemodels.fixedincome.bonds.BondDiscountingPriceModelTest" time="0.002"/>
  <testcase name="test_zero_coupon_pricing()" classname="com.herron.exchange.quantlib.pricemodels.fixedincome.bonds.BondDiscountingPriceModelTest" time="0.001"/>
  <testcase name="test_constant_yield_compounding_interest_pricing_2()" classname="com.herron.exchange.quantlib.pricemodels.fixedincome.bonds.BondDiscountingPriceModelTest" time="0.001"/>
  <testcase name="test_constant_yield_compounding_interest_pricing_3()" classname="com.herron.exchange.quantlib.pricemodels.fixedincome.bonds.BondDiscountingPriceModelTest" time="0.007"/>
  <system-out><![CDATA[]]></system-out>
  <system-err><![CDATA[]]></system-err>
</testsuite>
